<?xml version="1.0" encoding="UTF-8"?>
<testsuite name="LeapYearTest" tests="3" skipped="0" failures="0" errors="0" timestamp="2016-04-18T23:29:57" hostname="epicodus-39.local" time="0.002">
  <properties/>
  <testcase name="isLeapYear_forNumberNotDivisibleByFour_false" classname="LeapYearTest" time="0.002"/>
  <testcase name="isLeapYear_forNumberDivisibleByFour_true" classname="LeapYearTest" time="0.0"/>
  <testcase name="isLeapYear_forMultiplesOfOneHundred_false" classname="LeapYearTest" time="0.0"/>
  <system-out><![CDATA[]]></system-out>
  <system-err><![CDATA[]]></system-err>
</testsuite>
